wandb: Currently logged in as: nanspter. Use `wandb login --relogin` to force relogin
System Paths:
/home/liu/SplaTAM
/home/liu/SplaTAM/scripts
/home/liu/.pyenv/versions/anaconda3-2021.05/envs/splatam/lib/python310.zip
/home/liu/.pyenv/versions/anaconda3-2021.05/envs/splatam/lib/python3.10
/home/liu/.pyenv/versions/anaconda3-2021.05/envs/splatam/lib/python3.10/lib-dynload
/home/liu/.pyenv/versions/anaconda3-2021.05/envs/splatam/lib/python3.10/site-packages
Seed set to: 0 (type: <class 'int'>)
Loaded Config:
{'workdir': './experiments/Replica_origin', 'run_name': 'office3_0', 'seed': 0, 'primary_device': 'cuda:0', 'map_every': 1, 'keyframe_every': 5, 'mapping_window_size': 24, 'report_global_progress_every': 20, 'eval_every': 5, 'scene_radius_depth_ratio': 3, 'mean_sq_dist_method': 'projective', 'report_iter_progress': False, 'load_checkpoint': False, 'checkpoint_time_idx': 0, 'save_checkpoints': False, 'checkpoint_interval': 100, 'use_wandb': True, 'wandb': {'entity': 'nanspter', 'project': 'SplaTAM', 'group': 'Replica', 'name': 'office3_0', 'save_qual': False, 'eval_save_qual': True}, 'data': {'basedir': './data/Replica', 'gradslam_data_cfg': './configs/data/replica.yaml', 'sequence': 'office3', 'desired_image_height': 480, 'desired_image_width': 640, 'start': 0, 'end': -1, 'stride': 1, 'num_frames': -1, 'load_semantics': False, 'num_semantic_classes': 49}, 'tracking': {'use_gt_poses': False, 'forward_prop': True, 'num_iters': 40, 'use_sil_for_loss': True, 'sil_thres': 0.99, 'use_l1': True, 'ignore_outlier_depth_loss': False, 'loss_weights': {'im': 0.5, 'depth': 1.0, 'seg': 0.0}, 'lrs': {'means3D': 0.0, 'rgb_colors': 0.0, 'unnorm_rotations': 0.0, 'logit_opacities': 0.0, 'log_scales': 0.0, 'cam_unnorm_rots': 0.0004, 'cam_trans': 0.002, 'semantic_colors': 0.0}, 'use_depth_loss_thres': False, 'depth_loss_thres': 100000, 'visualize_tracking_loss': False}, 'mapping': {'num_iters': 60, 'add_new_gaussians': True, 'sil_thres': 0.5, 'use_l1': True, 'use_sil_for_loss': False, 'ignore_outlier_depth_loss': False, 'loss_weights': {'im': 0.5, 'depth': 1.0, 'seg': 0.0}, 'lrs': {'means3D': 0.0001, 'rgb_colors': 0.0025, 'unnorm_rotations': 0.001, 'logit_opacities': 0.05, 'log_scales': 0.001, 'cam_unnorm_rots': 0.0, 'cam_trans': 0.0, 'semantic_colors': 0.0025}, 'prune_gaussians': True, 'pruning_dict': {'start_after': 0, 'remove_big_after': 0, 'stop_after': 20, 'prune_every': 20, 'removal_opacity_threshold': 0.005, 'final_removal_opacity_threshold': 0.005, 'reset_opacities': False, 'reset_opacities_every': 500}, 'use_gaussian_splatting_densification': False, 'densify_dict': {'start_after': 500, 'remove_big_after': 3000, 'stop_after': 5000, 'densify_every': 100, 'grad_thresh': 0.0002, 'num_to_split_into': 2, 'removal_opacity_threshold': 0.005, 'final_removal_opacity_threshold': 0.005, 'reset_opacities_every': 3000}}, 'viz': {'render_mode': 'color', 'offset_first_viz_cam': True, 'show_sil': False, 'visualize_cams': True, 'viz_w': 600, 'viz_h': 340, 'viz_near': 0.01, 'viz_far': 100.0, 'view_scale': 2, 'viz_fps': 5, 'enter_interactive_post_online': True}}
Problem at: /home/liu/SplaTAM/scripts/splatam.py 535 rgbd_slam
Traceback (most recent call last):
  File "/home/liu/SplaTAM/scripts/splatam.py", line 1115, in <module>
    rgbd_slam(experiment.config)
  File "/home/liu/SplaTAM/scripts/splatam.py", line 535, in rgbd_slam
    wandb_run = wandb.init(project=config['wandb']['project'],
  File "/home/liu/.pyenv/versions/anaconda3-2021.05/envs/splatam/lib/python3.10/site-packages/wandb/sdk/wandb_init.py", line 1193, in init
    raise e
  File "/home/liu/.pyenv/versions/anaconda3-2021.05/envs/splatam/lib/python3.10/site-packages/wandb/sdk/wandb_init.py", line 1170, in init
    run = wi.init()
  File "/home/liu/.pyenv/versions/anaconda3-2021.05/envs/splatam/lib/python3.10/site-packages/wandb/sdk/wandb_init.py", line 811, in init
    run_start_result = run_start_handle.wait(timeout=30)
  File "/home/liu/.pyenv/versions/anaconda3-2021.05/envs/splatam/lib/python3.10/site-packages/wandb/sdk/lib/mailbox.py", line 283, in wait
    found, abandoned = self._slot._get_and_clear(timeout=wait_timeout)
  File "/home/liu/.pyenv/versions/anaconda3-2021.05/envs/splatam/lib/python3.10/site-packages/wandb/sdk/lib/mailbox.py", line 130, in _get_and_clear
    if self._wait(timeout=timeout):
  File "/home/liu/.pyenv/versions/anaconda3-2021.05/envs/splatam/lib/python3.10/site-packages/wandb/sdk/lib/mailbox.py", line 126, in _wait
    return self._event.wait(timeout=timeout)
  File "/home/liu/.pyenv/versions/anaconda3-2021.05/envs/splatam/lib/python3.10/threading.py", line 607, in wait
    signaled = self._cond.wait(timeout)
  File "/home/liu/.pyenv/versions/anaconda3-2021.05/envs/splatam/lib/python3.10/threading.py", line 324, in wait
    gotit = waiter.acquire(True, timeout)
KeyboardInterrupt
Exception ignored in atexit callback: <function _Manager._atexit_setup.<locals>.<lambda> at 0x147701775cf0>
Traceback (most recent call last):
  File "/home/liu/.pyenv/versions/anaconda3-2021.05/envs/splatam/lib/python3.10/site-packages/wandb/sdk/wandb_manager.py", line 155, in <lambda>
    self._atexit_lambda = lambda: self._atexit_teardown()
  File "/home/liu/.pyenv/versions/anaconda3-2021.05/envs/splatam/lib/python3.10/site-packages/wandb/sdk/wandb_manager.py", line 164, in _atexit_teardown
    self._teardown(exit_code)
  File "/home/liu/.pyenv/versions/anaconda3-2021.05/envs/splatam/lib/python3.10/site-packages/wandb/sdk/wandb_manager.py", line 175, in _teardown
    result = self._service.join()
  File "/home/liu/.pyenv/versions/anaconda3-2021.05/envs/splatam/lib/python3.10/site-packages/wandb/sdk/service/service.py", line 250, in join
    ret = self._internal_proc.wait()
  File "/home/liu/.pyenv/versions/anaconda3-2021.05/envs/splatam/lib/python3.10/subprocess.py", line 1209, in wait
    return self._wait(timeout=timeout)
  File "/home/liu/.pyenv/versions/anaconda3-2021.05/envs/splatam/lib/python3.10/subprocess.py", line 1959, in _wait
    (pid, sts) = self._try_wait(0)
  File "/home/liu/.pyenv/versions/anaconda3-2021.05/envs/splatam/lib/python3.10/subprocess.py", line 1917, in _try_wait
    (pid, sts) = os.waitpid(self.pid, wait_flags)
KeyboardInterrupt: 
